<?xml version="1.0" encoding="UTF-8"?>
<!-- Generated by org.testng.reporters.JUnitXMLReporter -->
<testsuite ignored="2" hostname="Mazen-Youssef" failures="0" tests="2" name="Test" time="146.101" errors="0" timestamp="2023-02-20T00:55:16 EET">
  <testcase classname="TestCases.Register" name="register" time="51.684"/>
  <testcase classname="TestCases.Add_to_cart" name="Add_To_Cart" time="52.817"/>
  <testcase classname="TestCases.TestBase" name="@BeforeSuite startreport" time="0.0">
    <ignored/>
  </testcase> <!-- @BeforeSuite startreport -->
  <testcase classname="TestCases.TestBase" name="@AfterSuite endreport" time="0.0">
    <ignored/>
  </testcase> <!-- @AfterSuite endreport -->
</testsuite> <!-- Test -->
