<?xml version="1.0" encoding="UTF-8"?>
<testng-results ignored="2" total="4" passed="2" failed="0" skipped="0">
  <reporter-output>
  </reporter-output>
  <suite started-at="2023-02-20T00:52:50 EET" name="Suite" finished-at="2023-02-20T00:55:16 EET" duration-ms="146101">
    <groups>
    </groups>
    <test started-at="2023-02-20T00:52:50 EET" name="Test" finished-at="2023-02-20T00:55:16 EET" duration-ms="146101">
      <class name="TestCases.Add_to_cart">
        <test-method is-config="true" signature="start(java.lang.String,java.lang.reflect.Method)[pri:0, instance:TestCases.Add_to_cart@738dc9b]" started-at="2023-02-20T00:54:08 EET" name="start" finished-at="2023-02-20T00:54:18 EET" duration-ms="10054" status="PASS">
          <params>
            <param index="0">
              <value>
                <![CDATA[chrome]]>
              </value>
            </param>
            <param index="1">
              <value>
                <![CDATA[public void TestCases.Add_to_cart.Add_To_Cart() throws java.lang.InterruptedException]]>
              </value>
            </param>
          </params>
          <reporter-output>
          </reporter-output>
        </test-method> <!-- start -->
        <test-method signature="Add_To_Cart()[pri:0, instance:TestCases.Add_to_cart@738dc9b]" started-at="2023-02-20T00:54:18 EET" name="Add_To_Cart" finished-at="2023-02-20T00:55:11 EET" duration-ms="52817" status="PASS">
          <reporter-output>
          </reporter-output>
        </test-method> <!-- Add_To_Cart -->
        <test-method is-config="true" signature="end(java.lang.reflect.Method,org.testng.ITestResult)[pri:0, instance:TestCases.Add_to_cart@738dc9b]" started-at="2023-02-20T00:55:11 EET" name="end" finished-at="2023-02-20T00:55:16 EET" duration-ms="5063" status="PASS">
          <params>
            <param index="0">
              <value>
                <![CDATA[public void TestCases.Add_to_cart.Add_To_Cart() throws java.lang.InterruptedException]]>
              </value>
            </param>
            <param index="1">
              <value>
                <![CDATA[[TestResult name=Add_To_Cart status=SUCCESS method=Add_to_cart.Add_To_Cart()[pri:0, instance:TestCases.Add_to_cart@738dc9b] output={null}]]]>
              </value>
            </param>
          </params>
          <reporter-output>
          </reporter-output>
        </test-method> <!-- end -->
      </class> <!-- TestCases.Add_to_cart -->
      <class name="TestCases.Register">
        <test-method is-config="true" signature="startreport()[pri:0, instance:TestCases.Register@1c7696c6]" started-at="2023-02-20T00:52:49 EET" name="startreport" finished-at="2023-02-20T00:52:50 EET" duration-ms="914" status="PASS">
          <reporter-output>
          </reporter-output>
        </test-method> <!-- startreport -->
        <test-method is-config="true" signature="start(java.lang.String,java.lang.reflect.Method)[pri:0, instance:TestCases.Register@1c7696c6]" started-at="2023-02-20T00:52:50 EET" name="start" finished-at="2023-02-20T00:53:10 EET" duration-ms="20201" status="PASS">
          <params>
            <param index="0">
              <value>
                <![CDATA[chrome]]>
              </value>
            </param>
            <param index="1">
              <value>
                <![CDATA[public void TestCases.Register.register() throws java.lang.InterruptedException]]>
              </value>
            </param>
          </params>
          <reporter-output>
          </reporter-output>
        </test-method> <!-- start -->
        <test-method signature="register()[pri:0, instance:TestCases.Register@1c7696c6]" started-at="2023-02-20T00:53:10 EET" name="register" finished-at="2023-02-20T00:54:02 EET" duration-ms="51684" status="PASS">
          <reporter-output>
          </reporter-output>
        </test-method> <!-- register -->
        <test-method is-config="true" signature="end(java.lang.reflect.Method,org.testng.ITestResult)[pri:0, instance:TestCases.Register@1c7696c6]" started-at="2023-02-20T00:54:02 EET" name="end" finished-at="2023-02-20T00:54:08 EET" duration-ms="5959" status="PASS">
          <params>
            <param index="0">
              <value>
                <![CDATA[public void TestCases.Register.register() throws java.lang.InterruptedException]]>
              </value>
            </param>
            <param index="1">
              <value>
                <![CDATA[[TestResult name=register status=SUCCESS method=Register.register()[pri:0, instance:TestCases.Register@1c7696c6] output={null}]]]>
              </value>
            </param>
          </params>
          <reporter-output>
          </reporter-output>
        </test-method> <!-- end -->
        <test-method is-config="true" signature="endreport()[pri:0, instance:TestCases.Register@1c7696c6]" started-at="2023-02-20T00:55:16 EET" name="endreport" finished-at="2023-02-20T00:55:17 EET" duration-ms="922" status="PASS">
          <reporter-output>
          </reporter-output>
        </test-method> <!-- endreport -->
      </class> <!-- TestCases.Register -->
    </test> <!-- Test -->
  </suite> <!-- Suite -->
</testng-results>
